<?xml version="1.0" encoding="UTF-8"?>
<testng-results ignored="0" total="1" passed="1" failed="0" skipped="0">
  <reporter-output>
  </reporter-output>
  <suite started-at="2023-10-12T14:44:09 IST" name="Default suite" finished-at="2023-10-12T14:44:52 IST" duration-ms="43168">
    <groups>
    </groups>
    <test started-at="2023-10-12T14:44:09 IST" name="Default test" finished-at="2023-10-12T14:44:52 IST" duration-ms="43168">
      <class name="com.org.PointTOYou.TestCase.BaseMakeUPTestCase">
        <test-method is-config="true" signature="initDriver()[pri:0, instance:com.org.PointTOYou.TestCase.BaseMakeUPTestCase@6574a52c]" started-at="2023-10-12T14:44:09 IST" name="initDriver" finished-at="2023-10-12T14:44:31 IST" duration-ms="22441" status="PASS">
          <reporter-output>
          </reporter-output>
        </test-method> <!-- initDriver -->
        <test-method is-config="true" signature="login(java.lang.reflect.Method)[pri:0, instance:com.org.PointTOYou.TestCase.BaseMakeUPTestCase@6574a52c]" started-at="2023-10-12T14:44:31 IST" name="login" finished-at="2023-10-12T14:44:42 IST" duration-ms="10994" status="PASS">
          <params>
            <param index="0">
              <value>
                <![CDATA[public void com.org.PointTOYou.TestCase.BaseMakeUPTestCase.MakeUP_pageVarification() throws java.lang.InterruptedException]]>
              </value>
            </param>
          </params>
          <reporter-output>
          </reporter-output>
        </test-method> <!-- login -->
        <test-method signature="MakeUP_pageVarification()[pri:0, instance:com.org.PointTOYou.TestCase.BaseMakeUPTestCase@6574a52c]" started-at="2023-10-12T14:44:42 IST" name="MakeUP_pageVarification" finished-at="2023-10-12T14:44:52 IST" duration-ms="9670" status="PASS">
          <reporter-output>
          </reporter-output>
        </test-method> <!-- MakeUP_pageVarification -->
      </class> <!-- com.org.PointTOYou.TestCase.BaseMakeUPTestCase -->
    </test> <!-- Default test -->
  </suite> <!-- Default suite -->
</testng-results>
